<?xml version="1.0" encoding="UTF-8"?>
<!-- Generated by org.testng.reporters.JUnitReportReporter -->
<testsuite hostname="YUVARAJ_UV" failures="0" tests="5" name="com.runner.runnerTestNG" time="73.683" errors="0" timestamp="2025-04-07T17:02:52 IST" skipped="0">
  <testcase classname="com.runner.runnerTestNG" name="runScenario" time="12.500"/>
  <testcase classname="com.runner.runnerTestNG" name="runScenario" time="43.824"/>
  <testcase classname="com.runner.runnerTestNG" name="runScenario" time="7.943"/>
  <testcase classname="com.runner.runnerTestNG" name="runScenario" time="4.755"/>
  <testcase classname="com.runner.runnerTestNG" name="runScenario" time="4.661"/>
</testsuite> <!-- com.runner.runnerTestNG -->
