<?xml version="1.0" encoding="UTF-8"?>
<!-- Generated by org.testng.reporters.JUnitReportReporter -->
<testsuite hostname="YUVARAJ_UV" failures="0" tests="5" name="com.runner.runnerTestNG" time="92.913" errors="0" timestamp="2025-04-08T11:01:42 IST" skipped="0">
  <testcase classname="com.runner.runnerTestNG" name="runScenario" time="50.481"/>
  <testcase classname="com.runner.runnerTestNG" name="runScenario" time="11.654"/>
  <testcase classname="com.runner.runnerTestNG" name="runScenario" time="5.148"/>
  <testcase classname="com.runner.runnerTestNG" name="runScenario" time="12.233"/>
  <testcase classname="com.runner.runnerTestNG" name="runScenario" time="13.397"/>
</testsuite> <!-- com.runner.runnerTestNG -->
