<?xml version="1.0" encoding="UTF-8"?>
<!-- Generated by org.testng.reporters.JUnitReportReporter -->
<testsuite hostname="YUVARAJ_UV" failures="0" tests="5" name="com.runner.runnerTestNG" time="54.127" errors="0" timestamp="2025-04-07T15:46:36 IST" skipped="0">
  <testcase classname="com.runner.runnerTestNG" name="runScenario" time="17.574"/>
  <testcase classname="com.runner.runnerTestNG" name="runScenario" time="10.825"/>
  <testcase classname="com.runner.runnerTestNG" name="runScenario" time="5.737"/>
  <testcase classname="com.runner.runnerTestNG" name="runScenario" time="10.236"/>
  <testcase classname="com.runner.runnerTestNG" name="runScenario" time="9.755"/>
</testsuite> <!-- com.runner.runnerTestNG -->
