<?xml version="1.0" encoding="UTF-8"?>
<!-- Generated by org.testng.reporters.JUnitReportReporter -->
<testsuite hostname="YUVARAJ_UV" failures="0" tests="5" name="com.runner.runnerTestNG" time="49.392" errors="0" timestamp="2025-04-07T21:33:44 IST" skipped="0">
  <testcase classname="com.runner.runnerTestNG" name="runScenario" time="19.590"/>
  <testcase classname="com.runner.runnerTestNG" name="runScenario" time="8.601"/>
  <testcase classname="com.runner.runnerTestNG" name="runScenario" time="5.179"/>
  <testcase classname="com.runner.runnerTestNG" name="runScenario" time="9.604"/>
  <testcase classname="com.runner.runnerTestNG" name="runScenario" time="6.418"/>
</testsuite> <!-- com.runner.runnerTestNG -->
