<?xml version="1.0" encoding="UTF-8"?>
<!-- Generated by org.testng.reporters.JUnitReportReporter -->
<testsuite hostname="YUVARAJ_UV" failures="0" tests="5" name="com.runner.runnerTestNG" time="52.115" errors="0" timestamp="2025-04-07T13:02:34 IST" skipped="0">
  <testcase classname="com.runner.runnerTestNG" name="runScenario" time="8.765"/>
  <testcase classname="com.runner.runnerTestNG" name="runScenario" time="21.571"/>
  <testcase classname="com.runner.runnerTestNG" name="runScenario" time="6.801"/>
  <testcase classname="com.runner.runnerTestNG" name="runScenario" time="6.016"/>
  <testcase classname="com.runner.runnerTestNG" name="runScenario" time="8.962"/>
</testsuite> <!-- com.runner.runnerTestNG -->
